<?xml version="1.0" encoding="UTF-8"?>
<!-- Generated by org.testng.reporters.JUnitXMLReporter -->
<testsuite ignored="0" hostname="Transcend-Ranjan" failures="1" tests="1" name="Chrome" time="3.179" errors="0" timestamp="2022-04-01T19:08:57 IST">
  <testcase classname="SeleniumPracticeProgram.ForestLogin" name="LoginPage" time="0.005">
    <failure type="java.lang.NullPointerException" message="Cannot invoke &amp;quot;org.openqa.selenium.WebDriver.get(String)&amp;quot; because &amp;quot;SeleniumPracticeProgram.ForestLogin.driver&amp;quot; is null">
      <![CDATA[java.lang.NullPointerException: Cannot invoke "org.openqa.selenium.WebDriver.get(String)" because "SeleniumPracticeProgram.ForestLogin.driver" is null
at SeleniumPracticeProgram.ForestLogin.LoginPage(ForestLogin.java:42)
at java.base/java.util.ArrayList.forEach(ArrayList.java:1511)
... Removed 27 stack frames]]>
    </failure>
  </testcase> <!-- LoginPage -->
</testsuite> <!-- Chrome -->
